[debug] [2023-05-14T19:19:23.976Z] ----------------------------------------------------------------------
[debug] [2023-05-14T19:19:23.978Z] Command:       C:\Program Files\nodejs\node.exe C:\Users\Vitaliy\AppData\Roaming\npm\node_modules\firebase-tools\lib\bin\firebase.js deploy
[debug] [2023-05-14T19:19:23.978Z] CLI Version:   12.0.0
[debug] [2023-05-14T19:19:23.979Z] Platform:      win32
[debug] [2023-05-14T19:19:23.979Z] Node Version:  v16.17.1
[debug] [2023-05-14T19:19:23.984Z] Time:          Sun May 14 2023 22:19:23 GMT+0300 (Восточная Европа, летнее время)
[debug] [2023-05-14T19:19:23.985Z] ----------------------------------------------------------------------
[debug] 
[debug] [2023-05-14T19:19:24.055Z] > command requires scopes: ["email","openid","https://www.googleapis.com/auth/cloudplatformprojects.readonly","https://www.googleapis.com/auth/firebase","https://www.googleapis.com/auth/cloud-platform"]
[debug] [2023-05-14T19:19:24.056Z] > authorizing via signed-in user (vitaliy.narytnyk@gmail.com)
[debug] [2023-05-14T19:19:24.056Z] [iam] checking project color-cube-6f131 for permissions ["firebase.projects.get","firebasehosting.sites.update"]
[debug] [2023-05-14T19:19:24.059Z] >>> [apiv2][query] POST https://cloudresourcemanager.googleapis.com/v1/projects/color-cube-6f131:testIamPermissions [none]
[debug] [2023-05-14T19:19:24.060Z] >>> [apiv2][(partial)header] POST https://cloudresourcemanager.googleapis.com/v1/projects/color-cube-6f131:testIamPermissions x-goog-quota-user=projects/color-cube-6f131
[debug] [2023-05-14T19:19:24.060Z] >>> [apiv2][body] POST https://cloudresourcemanager.googleapis.com/v1/projects/color-cube-6f131:testIamPermissions {"permissions":["firebase.projects.get","firebasehosting.sites.update"]}
[debug] [2023-05-14T19:19:24.982Z] <<< [apiv2][status] POST https://cloudresourcemanager.googleapis.com/v1/projects/color-cube-6f131:testIamPermissions 200
[debug] [2023-05-14T19:19:24.982Z] <<< [apiv2][body] POST https://cloudresourcemanager.googleapis.com/v1/projects/color-cube-6f131:testIamPermissions {"permissions":["firebase.projects.get","firebasehosting.sites.update"]}
[debug] [2023-05-14T19:19:24.983Z] >>> [apiv2][query] GET https://firebase.googleapis.com/v1beta1/projects/color-cube-6f131 [none]
[debug] [2023-05-14T19:19:25.446Z] <<< [apiv2][status] GET https://firebase.googleapis.com/v1beta1/projects/color-cube-6f131 200
[debug] [2023-05-14T19:19:25.446Z] <<< [apiv2][body] GET https://firebase.googleapis.com/v1beta1/projects/color-cube-6f131 {"projectId":"color-cube-6f131","projectNumber":"363430069255","displayName":"color-cube","name":"projects/color-cube-6f131","resources":{"hostingSite":"color-cube-6f131"},"state":"ACTIVE","etag":"1_89279433-5139-4521-b97c-f1fcd0b9f95f"}
[debug] [2023-05-14T19:19:25.447Z] Specified "public" directory "dist/ProjectName" does not exist; Deploy to Hosting site "color-cube-6f131" may fail or be empty.
[info] 
[info] === Deploying to 'color-cube-6f131'...
[info] 
[info] i  deploying hosting 
[info] Running command: npm run start
